<?xml version="1.0" encoding="UTF-8"?>
<testng-results total="1" passed="1" failed="0" skipped="0">
  <reporter-output>
  </reporter-output>
  <suite started-at="2021-08-26T06:38:36Z" name="Parallel Testing Suite" finished-at="2021-08-26T06:38:36Z" duration-ms="98">
    <groups>
    </groups>
    <test started-at="2021-08-26T06:38:36Z" name="Parallel Tests" finished-at="2021-08-26T06:38:36Z" duration-ms="98">
      <class name="com.yourorganization.maven_sample.LogicPositivizer">
        <test-method signature="openapp()[pri:0, instance:com.yourorganization.maven_sample.LogicPositivizer@1863d2fe]" started-at="2021-08-26T12:08:36Z" name="openapp" finished-at="2021-08-26T12:08:36Z" duration-ms="84" status="PASS">
          <reporter-output>
          </reporter-output>
        </test-method> <!-- openapp -->
      </class> <!-- com.yourorganization.maven_sample.LogicPositivizer -->
    </test> <!-- Parallel Tests -->
  </suite> <!-- Parallel Testing Suite -->
</testng-results>
