<?xml version="1.0" encoding="UTF-8"?>
<!-- Generated by org.testng.reporters.JUnitXMLReporter -->
<testsuite hostname="DESKTOP-N0BUBRI" failures="0" tests="5" name="Parallel Tests" time="22.58" errors="0" timestamp="10 Aug 2021 05:48:45 GMT">
  <testcase classname="com.yourorganization.maven_sample.ThirdUser" name="openapp" time="22.557"/>
  <testcase classname="com.yourorganization.maven_sample.SecondUser" name="openapp" time="22.558"/>
  <testcase classname="com.yourorganization.maven_sample.LogicPositivizer" name="openapp" time="22.557"/>
  <testcase classname="com.yourorganization.maven_sample.FourthUser" name="openapp" time="22.557"/>
  <testcase classname="com.yourorganization.maven_sample.FifthUser" name="openapp" time="22.558"/>
</testsuite> <!-- Parallel Tests -->
